<?xml version="1.0" encoding="UTF-8"?>
<!-- Generated by org.testng.reporters.JUnitReportReporter -->
<testsuite hostname="Integrate" failures="0" tests="1" name="TestBrowsers" time="2.861" errors="0" timestamp="10 Nov 2020 19:53:13 GMT" skipped="0">
  <testcase classname="TestBrowsers" name="TestIntegration" time="2.861"/>
</testsuite> <!-- TestBrowsers -->
