<?xml version="1.0" encoding="UTF-8"?>
<!-- Generated by org.testng.reporters.JUnitReportReporter -->
<testsuite hostname="Integrate" failures="0" tests="1" name="TestBrowsers" time="0.369" errors="0" timestamp="05 Nov 2020 21:50:26 GMT" skipped="0">
  <testcase classname="TestBrowsers" name="Login" time="0.369"/>
</testsuite> <!-- TestBrowsers -->
